<?xml version="1.0" encoding="UTF-8"?>
<!-- Generated by org.testng.reporters.JUnitReportReporter -->
<testsuite hostname="LAPTOP-OPDRACTK" failures="0" tests="1" name="com.vmo.testcases.app_Scenariotest" time="34.800" errors="0" timestamp="29 Sep 2019 12:35:40 GMT" skipped="0">
  <testcase classname="com.vmo.testcases.app_Scenariotest" name="run" time="34.800"/>
</testsuite> <!-- com.vmo.testcases.app_Scenariotest -->
